INFO:root:Started infra creation
DEBUG:botocore.hooks:Changing event name from creating-client-class.iot-data to creating-client-class.iot-data-plane
DEBUG:botocore.hooks:Changing event name from before-call.apigateway to before-call.api-gateway
DEBUG:botocore.hooks:Changing event name from request-created.machinelearning.Predict to request-created.machine-learning.Predict
DEBUG:botocore.hooks:Changing event name from before-parameter-build.autoscaling.CreateLaunchConfiguration to before-parameter-build.auto-scaling.CreateLaunchConfiguration
DEBUG:botocore.hooks:Changing event name from before-parameter-build.route53 to before-parameter-build.route-53
DEBUG:botocore.hooks:Changing event name from request-created.cloudsearchdomain.Search to request-created.cloudsearch-domain.Search
DEBUG:botocore.hooks:Changing event name from docs.*.autoscaling.CreateLaunchConfiguration.complete-section to docs.*.auto-scaling.CreateLaunchConfiguration.complete-section
DEBUG:botocore.hooks:Changing event name from before-parameter-build.logs.CreateExportTask to before-parameter-build.cloudwatch-logs.CreateExportTask
DEBUG:botocore.hooks:Changing event name from docs.*.logs.CreateExportTask.complete-section to docs.*.cloudwatch-logs.CreateExportTask.complete-section
DEBUG:botocore.hooks:Changing event name from before-parameter-build.cloudsearchdomain.Search to before-parameter-build.cloudsearch-domain.Search
DEBUG:botocore.hooks:Changing event name from docs.*.cloudsearchdomain.Search.complete-section to docs.*.cloudsearch-domain.Search.complete-section
DEBUG:botocore.utils:IMDS ENDPOINT: http://169.254.169.254/
DEBUG:botocore.credentials:Looking for credentials via: env
DEBUG:botocore.credentials:Looking for credentials via: assume-role
DEBUG:botocore.credentials:Looking for credentials via: assume-role-with-web-identity
DEBUG:botocore.credentials:Looking for credentials via: sso
DEBUG:botocore.credentials:Looking for credentials via: shared-credentials-file
INFO:botocore.credentials:Found credentials in shared credentials file: ~/.aws/credentials
DEBUG:botocore.loaders:Loading JSON file: C:\Users\yennyvg\anaconda3\envs\nequi\lib\site-packages\botocore\data\endpoints.json
DEBUG:botocore.loaders:Loading JSON file: C:\Users\yennyvg\anaconda3\envs\nequi\lib\site-packages\botocore\data\sdk-default-configuration.json
DEBUG:botocore.hooks:Event choose-service-name: calling handler <function handle_service_name_alias at 0x00000203391FF3A0>
DEBUG:botocore.loaders:Loading JSON file: C:\Users\yennyvg\anaconda3\envs\nequi\lib\site-packages\botocore\data\s3\2006-03-01\service-2.json
DEBUG:botocore.hooks:Event creating-client-class.s3: calling handler <function add_generate_presigned_post at 0x0000020339185CA0>
DEBUG:botocore.hooks:Event creating-client-class.s3: calling handler <function lazy_call.<locals>._handler at 0x00000203392953A0>
DEBUG:botocore.hooks:Event creating-client-class.s3: calling handler <function add_generate_presigned_url at 0x0000020339185A60>
DEBUG:botocore.endpoint:Setting s3 timeout as (60, 60)
DEBUG:botocore.loaders:Loading JSON file: C:\Users\yennyvg\anaconda3\envs\nequi\lib\site-packages\botocore\data\_retry.json
DEBUG:botocore.client:Registering retry handlers for service: s3
DEBUG:botocore.hooks:Event before-parameter-build.s3.CreateBucket: calling handler <function validate_bucket_name at 0x0000020339215AF0>
DEBUG:botocore.hooks:Event before-parameter-build.s3.CreateBucket: calling handler <bound method S3RegionRedirector.redirect_from_cache of <botocore.utils.S3RegionRedirector object at 0x000002033A802B80>>
DEBUG:botocore.hooks:Event before-parameter-build.s3.CreateBucket: calling handler <bound method S3ArnParamHandler.handle_arn of <botocore.utils.S3ArnParamHandler object at 0x000002033A802C10>>
DEBUG:botocore.hooks:Event before-parameter-build.s3.CreateBucket: calling handler <function generate_idempotent_uuid at 0x0000020339215940>
DEBUG:botocore.hooks:Event before-call.s3.CreateBucket: calling handler <function add_expect_header at 0x0000020339215E50>
DEBUG:botocore.hooks:Event before-call.s3.CreateBucket: calling handler <bound method S3RegionRedirector.set_request_url of <botocore.utils.S3RegionRedirector object at 0x000002033A802B80>>
DEBUG:botocore.hooks:Event before-call.s3.CreateBucket: calling handler <function add_recursion_detection_header at 0x00000203392155E0>
DEBUG:botocore.hooks:Event before-call.s3.CreateBucket: calling handler <function inject_api_version_header_if_needed at 0x000002033921B1F0>
DEBUG:botocore.endpoint:Making request for OperationModel(name=CreateBucket) with params: {'url_path': '/edwin-prueba-nequi-2', 'query_string': {}, 'method': 'PUT', 'headers': {'User-Agent': 'Boto3/1.24.28 Python/3.9.12 Windows/10 Botocore/1.27.28'}, 'body': b'', 'url': 'https://s3.amazonaws.com/edwin-prueba-nequi-2', 'context': {'client_region': 'us-east-1', 'client_config': <botocore.config.Config object at 0x000002033AA9C130>, 'has_streaming_input': False, 'auth_type': None, 'signing': {'bucket': 'edwin-prueba-nequi-2'}}}
DEBUG:botocore.hooks:Event request-created.s3.CreateBucket: calling handler <bound method RequestSigner.handler of <botocore.signers.RequestSigner object at 0x000002033AA97D00>>
DEBUG:botocore.hooks:Event choose-signer.s3.CreateBucket: calling handler <bound method S3EndpointSetter.set_signer of <botocore.utils.S3EndpointSetter object at 0x000002033A802C70>>
DEBUG:botocore.hooks:Event choose-signer.s3.CreateBucket: calling handler <bound method ClientCreator._default_s3_presign_to_sigv2 of <botocore.client.ClientCreator object at 0x0000020339ABB250>>
DEBUG:botocore.hooks:Event choose-signer.s3.CreateBucket: calling handler <function set_operation_specific_signer at 0x0000020339215820>
DEBUG:botocore.hooks:Event before-sign.s3.CreateBucket: calling handler <bound method S3EndpointSetter.set_endpoint of <botocore.utils.S3EndpointSetter object at 0x000002033A802C70>>
DEBUG:botocore.utils:Defaulting to S3 virtual host style addressing with path style addressing fallback.
DEBUG:botocore.utils:Checking for DNS compatible bucket for: https://s3.amazonaws.com/edwin-prueba-nequi-2
DEBUG:botocore.utils:URI updated to: https://edwin-prueba-nequi-2.s3.amazonaws.com/
DEBUG:botocore.auth:Calculating signature using v4 auth.
DEBUG:botocore.auth:CanonicalRequest:
PUT
/

host:edwin-prueba-nequi-2.s3.amazonaws.com
x-amz-content-sha256:e3b0c44298fc1c149afbf4c8996fb92427ae41e4649b934ca495991b7852b855
x-amz-date:20220716T190321Z

host;x-amz-content-sha256;x-amz-date
e3b0c44298fc1c149afbf4c8996fb92427ae41e4649b934ca495991b7852b855
DEBUG:botocore.auth:StringToSign:
AWS4-HMAC-SHA256
20220716T190321Z
20220716/us-east-1/s3/aws4_request
f77a5bb26ce2750bd67084a76b4991692df4cedad5873e1c8b082d465e62d7b4
DEBUG:botocore.auth:Signature:
14684544ac6b8e09bc28ffc77eb957bcd428674710c6019aad54627691576aba
DEBUG:botocore.hooks:Event request-created.s3.CreateBucket: calling handler <function add_retry_headers at 0x000002033921B8B0>
DEBUG:botocore.endpoint:Sending http request: <AWSPreparedRequest stream_output=False, method=PUT, url=https://edwin-prueba-nequi-2.s3.amazonaws.com/, headers={'User-Agent': b'Boto3/1.24.28 Python/3.9.12 Windows/10 Botocore/1.27.28', 'X-Amz-Date': b'20220716T190321Z', 'X-Amz-Content-SHA256': b'e3b0c44298fc1c149afbf4c8996fb92427ae41e4649b934ca495991b7852b855', 'Authorization': b'AWS4-HMAC-SHA256 Credential=AKIAXYQPZYGTFLTWJIUJ/20220716/us-east-1/s3/aws4_request, SignedHeaders=host;x-amz-content-sha256;x-amz-date, Signature=14684544ac6b8e09bc28ffc77eb957bcd428674710c6019aad54627691576aba', 'amz-sdk-invocation-id': b'be9bc12f-9d49-4b0f-b2cf-03a4b9dcc2ee', 'amz-sdk-request': b'attempt=1', 'Content-Length': '0'}>
DEBUG:botocore.httpsession:Certificate path: C:\Users\yennyvg\anaconda3\envs\nequi\lib\site-packages\certifi\cacert.pem
DEBUG:botocore.parsers:Response headers: {'x-amz-id-2': '0RoMGma8tIXovcLlBNkgJpQvb4VnP1HUDog8U6lFdUi8p9JRjIhD8vdhyD3IBfIfcZIm/aiJu2A=', 'x-amz-request-id': 'A7S2JCDEC1XHCB44', 'Date': 'Sat, 16 Jul 2022 19:03:36 GMT', 'Location': '/edwin-prueba-nequi-2', 'Server': 'AmazonS3', 'Content-Length': '0'}
DEBUG:botocore.parsers:Response body:
b''
DEBUG:botocore.hooks:Event needs-retry.s3.CreateBucket: calling handler <botocore.retryhandler.RetryHandler object at 0x000002033A802AC0>
DEBUG:botocore.retryhandler:No retry needed.
DEBUG:botocore.hooks:Event needs-retry.s3.CreateBucket: calling handler <bound method S3RegionRedirector.redirect_from_error of <botocore.utils.S3RegionRedirector object at 0x000002033A802B80>>
INFO:root:Bucket created
INFO:root:Finished infra creation
INFO:root:Datasets_loaded
